#
# There is insufficient memory for the Java Runtime Environment to continue.
# Native memory allocation (malloc) failed to allocate 1048576 bytes for AllocateHeap
# Possible reasons:
#   The system is out of physical RAM or swap space
#   The process is running with CompressedOops enabled, and the Java Heap may be blocking the growth of the native heap
# Possible solutions:
#   Reduce memory load on the system
#   Increase physical memory or swap space
#   Check if swap backing store is full
#   Decrease Java heap size (-Xmx/-Xms)
#   Decrease number of Java threads
#   Decrease Java thread stack sizes (-Xss)
#   Set larger code cache with -XX:ReservedCodeCacheSize=
#   JVM is running with Unscaled Compressed Oops mode in which the Java heap is
#     placed in the first 4GB address space. The Java Heap base address is the
#     maximum limit for the native heap growth. Please use -XX:HeapBaseMinAddress
#     to set the Java Heap base and to place the Java Heap above 4GB virtual address.
# This output file may be truncated or incomplete.
#
#  Out of Memory Error (memory/allocation.inline.hpp:61), pid=9052, tid=0x0000000000000edc
#
# JRE version:  (8.0_201-b09) (build )
# Java VM: Java HotSpot(TM) 64-Bit Server VM (25.201-b09 mixed mode windows-amd64 compressed oops)
# Failed to write core dump. Minidumps are not enabled by default on client versions of Windows
#

---------------  T H R E A D  ---------------

Current thread (0x0000000003201000):  JavaThread "Unknown thread" [_thread_in_vm, id=3804, stack(0x0000000003100000,0x0000000003200000)]

Stack: [0x0000000003100000,0x0000000003200000]
[error occurred during error reporting (printing stack bounds), id 0xc0000005]

Native frames: (J=compiled Java code, j=interpreted, Vv=VM code, C=native code)


---------------  P R O C E S S  ---------------

Java Threads: ( => current thread )

Other Threads:

=>0x0000000003201000 (exited) JavaThread "Unknown thread" [_thread_in_vm, id=3804, stack(0x0000000003100000,0x0000000003200000)]

VM state:not at safepoint (normal execution)

VM Mutex/Monitor currently owned by a thread: None

heap address: 0x0000000084e00000, size: 1970 MB, Compressed Oops mode: 32-bit
Narrow klass base: 0x0000000000000000, Narrow klass shift: 3
Compressed class space size: 1073741824 Address: 0x0000000100000000

Heap:
 PSYoungGen      total 36864K, used 634K [0x00000000d6f80000, 0x00000000d9880000, 0x0000000100000000)
  eden space 31744K, 2% used [0x00000000d6f80000,0x00000000d701eb90,0x00000000d8e80000)
  from space 5120K, 0% used [0x00000000d9380000,0x00000000d9380000,0x00000000d9880000)
  to   space 5120K, 0% used [0x00000000d8e80000,0x00000000d8e80000,0x00000000d9380000)
 ParOldGen       total 84992K, used 0K [0x0000000084e00000, 0x000000008a100000, 0x00000000d6f80000)
  object space 84992K, 0% used [0x0000000084e00000,0x0000000084e00000,0x000000008a100000)
 Metaspace       used 751K, capacity 4480K, committed 4480K, reserved 1056768K
  class space    used 76K, capacity 384K, committed 384K, reserved 1048576K

Card table byte_map: [0x00000000126c0000,0x0000000012aa0000] byte_map_base: 0x0000000012299000

Marking Bits: (ParMarkBitMap*) 0x00000000683d4ce0
 Begin Bits: [0x0000000013140000, 0x0000000015008000)
 End Bits:   [0x0000000015008000, 0x0000000016ed0000)

Polling page: 0x0000000000ff0000

CodeCache: size=245760Kb used=328Kb max_used=328Kb free=245431Kb
 bounds [0x0000000003300000, 0x0000000003570000, 0x0000000012300000]
 total_blobs=58 nmethods=0 adapters=38
 compilation: enabled

Compilation events (0 events):
No events

GC Heap History (0 events):
No events

Deoptimization events (0 events):
No events

Classes redefined (0 events):
No events

Internal exceptions (0 events):
No events

Events (10 events):
Event: 0.042 loading class java/lang/Short
Event: 0.042 loading class java/lang/Short done
Event: 0.042 loading class java/lang/Integer
Event: 0.042 loading class java/lang/Integer done
Event: 0.042 loading class java/lang/Long
Event: 0.043 loading class java/lang/Long done
Event: 0.043 loading class java/lang/NullPointerException
Event: 0.043 loading class java/lang/NullPointerException done
Event: 0.043 loading class java/lang/ArithmeticException
Event: 0.043 loading class java/lang/ArithmeticException done


Dynamic libraries:
0x00007ff63f870000 - 0x00007ff63f8a7000 	C:\Program Files\Java\jre1.8.0_201\bin\javaw.exe
0x00007ffdb6ff0000 - 0x00007ffdb71d1000 	C:\Windows\SYSTEM32\ntdll.dll
0x00007ffdb5fb0000 - 0x00007ffdb6061000 	C:\Windows\System32\KERNEL32.DLL
0x00007ffdb33e0000 - 0x00007ffdb3653000 	C:\Windows\System32\KERNELBASE.dll
0x00007ffdb5e30000 - 0x00007ffdb5ed1000 	C:\Windows\System32\ADVAPI32.dll
0x00007ffdb5bf0000 - 0x00007ffdb5c8e000 	C:\Windows\System32\msvcrt.dll
0x00007ffdb63a0000 - 0x00007ffdb63fb000 	C:\Windows\System32\sechost.dll
0x00007ffdb5ac0000 - 0x00007ffdb5be4000 	C:\Windows\System32\RPCRT4.dll
0x00007ffdb6870000 - 0x00007ffdb6a00000 	C:\Windows\System32\USER32.dll
0x00007ffdb33c0000 - 0x00007ffdb33e0000 	C:\Windows\System32\win32u.dll
0x00007ffdb5d60000 - 0x00007ffdb5d88000 	C:\Windows\System32\GDI32.dll
0x00007ffdb4290000 - 0x00007ffdb4422000 	C:\Windows\System32\gdi32full.dll
0x00007ffdb3660000 - 0x00007ffdb36ff000 	C:\Windows\System32\msvcp_win.dll
0x00007ffdb3a20000 - 0x00007ffdb3b18000 	C:\Windows\System32\ucrtbase.dll
0x00007ffda3b80000 - 0x00007ffda3de9000 	C:\Windows\WinSxS\amd64_microsoft.windows.common-controls_6595b64144ccf1df_6.0.17134.706_none_fb43a2cb30647007\COMCTL32.dll
0x00007ffdb6070000 - 0x00007ffdb6392000 	C:\Windows\System32\combase.dll
0x00007ffdb38f0000 - 0x00007ffdb396a000 	C:\Windows\System32\bcryptPrimitives.dll
0x00007ffdb5a30000 - 0x00007ffdb5a5d000 	C:\Windows\System32\IMM32.DLL
0x0000000067ad0000 - 0x0000000067ba1000 	C:\Program Files\Java\jre1.8.0_201\bin\msvcr100.dll
0x0000000067bb0000 - 0x0000000068454000 	C:\Program Files\Java\jre1.8.0_201\bin\server\jvm.dll
0x00007ffdb5a20000 - 0x00007ffdb5a28000 	C:\Windows\System32\PSAPI.DLL
0x00007ffdaec50000 - 0x00007ffdaec73000 	C:\Windows\SYSTEM32\WINMM.dll
0x00007ffda5990000 - 0x00007ffda599a000 	C:\Windows\SYSTEM32\VERSION.dll
0x00007ffda3560000 - 0x00007ffda3569000 	C:\Windows\SYSTEM32\WSOCK32.dll
0x00007ffdaec20000 - 0x00007ffdaec4a000 	C:\Windows\SYSTEM32\winmmbase.dll
0x00007ffdb6f50000 - 0x00007ffdb6fbc000 	C:\Windows\System32\WS2_32.dll
0x00007ffdb4430000 - 0x00007ffdb4479000 	C:\Windows\System32\cfgmgr32.dll
0x00007ffd9cf30000 - 0x00007ffd9cf3f000 	C:\Program Files\Java\jre1.8.0_201\bin\verify.dll
0x00007ffd881f0000 - 0x00007ffd88219000 	C:\Program Files\Java\jre1.8.0_201\bin\java.dll
0x00007ffd8d2e0000 - 0x00007ffd8d2f6000 	C:\Program Files\Java\jre1.8.0_201\bin\zip.dll

VM Arguments:
jvm_args: -Dfile.encoding=Cp1252 
java_command: driver
java_class_path (initial): E:\Java\final project\bin
Launcher Type: SUN_STANDARD

Environment Variables:
PATH=C:/Program Files/Java/jre1.8.0_201/bin/server;C:/Program Files/Java/jre1.8.0_201/bin;C:/Program Files/Java/jre1.8.0_201/lib/amd64;C:\Program Files (x86)\Common Files\Oracle\Java\javapath;C:\Windows\system32;C:\Windows;C:\Windows\System32\Wbem;C:\Windows\System32\WindowsPowerShell\v1.0\;C:\Windows\System32\OpenSSH\;C:\Program Files\Intel\WiFi\bin\;C:\Program Files\Common Files\Intel\WirelessCommon\;C:\Program Files (x86)\Brackets\command;C:\Users\Allien-Ware\AppData\Local\Microsoft\WindowsApps;C:\Program Files\Intel\WiFi\bin\;C:\Program Files\Common Files\Intel\WirelessCommon\;C:\Windows\system32;
USERNAME=Allien-Ware
OS=Windows_NT
PROCESSOR_IDENTIFIER=Intel64 Family 6 Model 69 Stepping 1, GenuineIntel



---------------  S Y S T E M  ---------------

OS: Windows 10.0 , 64 bit Build 17134 (10.0.17134.706)

CPU:total 4 (initial active 4) (2 cores per cpu, 2 threads per core) family 6 model 69 stepping 1, cmov, cx8, fxsr, mmx, sse, sse2, sse3, ssse3, sse4.1, sse4.2, popcnt, avx, avx2, aes, clmul, erms, lzcnt, ht, tsc, tscinvbit, bmi1, bmi2

Memory: 4k page, physical 8068776k(3494208k free), swap 21175972k(5760k free)

vm_info: Java HotSpot(TM) 64-Bit Server VM (25.201-b09) for windows-amd64 JRE (1.8.0_201-b09), built on Dec 15 2018 18:36:39 by "java_re" with MS VC++ 10.0 (VS2010)

time: Sat Apr 27 04:13:18 2019
timezone: Pacific Daylight Time
elapsed time: 0 seconds (0d 0h 0m 0s)

